{"D:\\REACT--2\\constants.js": {"path":"D:\\REACT--2\\constants.js","statementMap":{"0":{"start":{"line":35,"column":3},"end":{"line":35,"column":147}},"1":{"start":{"line":44,"column":2},"end":{"line":44,"column":85}}},"fnMap":{},"branchMap":{},"s":{"0":1,"1":1},"f":{},"b":{},"_coverageSchema":"1a1c01bbd47fc00a2c39e90264f33305004495a9","hash":"6f0e906edc5a179c129da61bafc784f376744355"}
,"D:\\REACT--2\\ReduxStore\\AppStore.js": {"path":"D:\\REACT--2\\ReduxStore\\AppStore.js","statementMap":{"0":{"start":{"line":4,"column":17},"end":{"line":8,"column":2}}},"fnMap":{},"branchMap":{},"s":{"0":1},"f":{},"b":{},"_coverageSchema":"1a1c01bbd47fc00a2c39e90264f33305004495a9","hash":"c94a16ecc1ff937766db96ffa3b432e2c77d33f1"}
,"D:\\REACT--2\\ReduxStore\\CartSlice.js": {"path":"D:\\REACT--2\\ReduxStore\\CartSlice.js","statementMap":{"0":{"start":{"line":3,"column":18},"end":{"line":19,"column":2}},"1":{"start":{"line":10,"column":12},"end":{"line":10,"column":45}},"2":{"start":{"line":13,"column":12},"end":{"line":13,"column":49}},"3":{"start":{"line":16,"column":12},"end":{"line":16,"column":35}},"4":{"start":{"line":21,"column":53},"end":{"line":21,"column":70}}},"fnMap":{"0":{"name":"(anonymous_0)","decl":{"start":{"line":9,"column":18},"end":{"line":9,"column":19}},"loc":{"start":{"line":9,"column":37},"end":{"line":11,"column":9}},"line":9},"1":{"name":"(anonymous_1)","decl":{"start":{"line":12,"column":21},"end":{"line":12,"column":22}},"loc":{"start":{"line":12,"column":40},"end":{"line":14,"column":9}},"line":12},"2":{"name":"(anonymous_2)","decl":{"start":{"line":15,"column":20},"end":{"line":15,"column":21}},"loc":{"start":{"line":15,"column":31},"end":{"line":17,"column":9}},"line":15}},"branchMap":{},"s":{"0":1,"1":0,"2":0,"3":0,"4":1},"f":{"0":0,"1":0,"2":0},"b":{},"_coverageSchema":"1a1c01bbd47fc00a2c39e90264f33305004495a9","hash":"defa49fdc0b65453fdf25a4376c33bbc66264ea3"}
,"D:\\REACT--2\\src\\AboutUs.js": {"path":"D:\\REACT--2\\src\\AboutUs.js","statementMap":{"0":{"start":{"line":3,"column":16},"end":{"line":15,"column":1}},"1":{"start":{"line":4,"column":4},"end":{"line":14,"column":6}}},"fnMap":{"0":{"name":"(anonymous_0)","decl":{"start":{"line":3,"column":16},"end":{"line":3,"column":17}},"loc":{"start":{"line":3,"column":22},"end":{"line":15,"column":1}},"line":3}},"branchMap":{},"s":{"0":1,"1":1},"f":{"0":1},"b":{},"_coverageSchema":"1a1c01bbd47fc00a2c39e90264f33305004495a9","hash":"a16b42db2fd3e69742e274f40d523f7fd089b752"}
,"D:\\REACT--2\\src\\Body.js": {"path":"D:\\REACT--2\\src\\Body.js","statementMap":{"0":{"start":{"line":9,"column":13},"end":{"line":28,"column":1}},"1":{"start":{"line":10,"column":2},"end":{"line":15,"column":6}},"2":{"start":{"line":11,"column":4},"end":{"line":15,"column":6}},"3":{"start":{"line":16,"column":2},"end":{"line":27,"column":4}}},"fnMap":{"0":{"name":"(anonymous_0)","decl":{"start":{"line":9,"column":13},"end":{"line":9,"column":14}},"loc":{"start":{"line":9,"column":19},"end":{"line":28,"column":1}},"line":9}},"branchMap":{"0":{"loc":{"start":{"line":10,"column":2},"end":{"line":15,"column":6}},"type":"if","locations":[{"start":{"line":10,"column":2},"end":{"line":15,"column":6}},{"start":{},"end":{}}],"line":10}},"s":{"0":1,"1":1,"2":0,"3":1},"f":{"0":1},"b":{"0":[0,1]},"_coverageSchema":"1a1c01bbd47fc00a2c39e90264f33305004495a9","hash":"024fffe2e9ff49de42a6dc10fbb64f438b78c993"}
,"D:\\REACT--2\\src\\FoodCard.js": {"path":"D:\\REACT--2\\src\\FoodCard.js","statementMap":{"0":{"start":{"line":4,"column":17},"end":{"line":47,"column":1}},"1":{"start":{"line":16,"column":2},"end":{"line":16,"column":58}},"2":{"start":{"line":16,"column":38},"end":{"line":16,"column":58}},"3":{"start":{"line":17,"column":2},"end":{"line":17,"column":57}},"4":{"start":{"line":17,"column":38},"end":{"line":17,"column":57}},"5":{"start":{"line":18,"column":31},"end":{"line":18,"column":54}},"6":{"start":{"line":20,"column":2},"end":{"line":46,"column":4}}},"fnMap":{"0":{"name":"(anonymous_0)","decl":{"start":{"line":4,"column":17},"end":{"line":4,"column":18}},"loc":{"start":{"line":13,"column":6},"end":{"line":47,"column":1}},"line":13}},"branchMap":{"0":{"loc":{"start":{"line":16,"column":2},"end":{"line":16,"column":58}},"type":"if","locations":[{"start":{"line":16,"column":2},"end":{"line":16,"column":58}},{"start":{},"end":{}}],"line":16},"1":{"loc":{"start":{"line":16,"column":6},"end":{"line":16,"column":36}},"type":"binary-expr","locations":[{"start":{"line":16,"column":6},"end":{"line":16,"column":19}},{"start":{"line":16,"column":23},"end":{"line":16,"column":36}}],"line":16},"2":{"loc":{"start":{"line":17,"column":2},"end":{"line":17,"column":57}},"type":"if","locations":[{"start":{"line":17,"column":2},"end":{"line":17,"column":57}},{"start":{},"end":{}}],"line":17},"3":{"loc":{"start":{"line":17,"column":6},"end":{"line":17,"column":36}},"type":"binary-expr","locations":[{"start":{"line":17,"column":6},"end":{"line":17,"column":19}},{"start":{"line":17,"column":23},"end":{"line":17,"column":36}}],"line":17},"4":{"loc":{"start":{"line":33,"column":9},"end":{"line":33,"column":60}},"type":"cond-expr","locations":[{"start":{"line":33,"column":28},"end":{"line":33,"column":32}},{"start":{"line":33,"column":35},"end":{"line":33,"column":60}}],"line":33}},"s":{"0":1,"1":1,"2":1,"3":1,"4":0,"5":1,"6":1},"f":{"0":1},"b":{"0":[1,0],"1":[1,1],"2":[0,1],"3":[1,1],"4":[1,0]},"_coverageSchema":"1a1c01bbd47fc00a2c39e90264f33305004495a9","hash":"a5ddbd2418ff3002582e6dca30ad2219368f992b"}
,"D:\\REACT--2\\src\\FoodMenu.js": {"path":"D:\\REACT--2\\src\\FoodMenu.js","statementMap":{"0":{"start":{"line":13,"column":25},"end":{"line":38,"column":1}},"1":{"start":{"line":14,"column":2},"end":{"line":37,"column":4}},"2":{"start":{"line":21,"column":10},"end":{"line":21,"column":39}},"3":{"start":{"line":22,"column":10},"end":{"line":22,"column":33}},"4":{"start":{"line":30,"column":23},"end":{"line":30,"column":53}},"5":{"start":{"line":31,"column":10},"end":{"line":31,"column":30}},"6":{"start":{"line":40,"column":19},"end":{"line":49,"column":1}},"7":{"start":{"line":46,"column":2},"end":{"line":48,"column":5}},"8":{"start":{"line":47,"column":4},"end":{"line":47,"column":77}},"9":{"start":{"line":54,"column":17},"end":{"line":124,"column":1}},"10":{"start":{"line":57,"column":40},"end":{"line":57,"column":52}},"11":{"start":{"line":58,"column":34},"end":{"line":58,"column":52}},"12":{"start":{"line":59,"column":36},"end":{"line":59,"column":54}},"13":{"start":{"line":61,"column":27},"end":{"line":61,"column":49}},"14":{"start":{"line":64,"column":2},"end":{"line":64,"column":67}},"15":{"start":{"line":64,"column":20},"end":{"line":64,"column":67}},"16":{"start":{"line":65,"column":31},"end":{"line":65,"column":48}},"17":{"start":{"line":66,"column":2},"end":{"line":66,"column":25}},"18":{"start":{"line":68,"column":2},"end":{"line":74,"column":9}},"19":{"start":{"line":69,"column":4},"end":{"line":70,"column":20}},"20":{"start":{"line":70,"column":4},"end":{"line":70,"column":20}},"21":{"start":{"line":79,"column":18},"end":{"line":79,"column":44}},"22":{"start":{"line":80,"column":20},"end":{"line":80,"column":36}},"23":{"start":{"line":83,"column":3},"end":{"line":83,"column":98}},"24":{"start":{"line":84,"column":3},"end":{"line":84,"column":95}},"25":{"start":{"line":95,"column":2},"end":{"line":95,"column":33}},"26":{"start":{"line":95,"column":21},"end":{"line":95,"column":33}},"27":{"start":{"line":98,"column":2},"end":{"line":123,"column":4}},"28":{"start":{"line":114,"column":12},"end":{"line":118,"column":14}}},"fnMap":{"0":{"name":"(anonymous_0)","decl":{"start":{"line":13,"column":25},"end":{"line":13,"column":26}},"loc":{"start":{"line":13,"column":82},"end":{"line":38,"column":1}},"line":13},"1":{"name":"(anonymous_1)","decl":{"start":{"line":20,"column":18},"end":{"line":20,"column":19}},"loc":{"start":{"line":20,"column":25},"end":{"line":23,"column":9}},"line":20},"2":{"name":"(anonymous_2)","decl":{"start":{"line":29,"column":17},"end":{"line":29,"column":18}},"loc":{"start":{"line":29,"column":23},"end":{"line":32,"column":9}},"line":29},"3":{"name":"(anonymous_3)","decl":{"start":{"line":40,"column":19},"end":{"line":40,"column":20}},"loc":{"start":{"line":40,"column":54},"end":{"line":49,"column":1}},"line":40},"4":{"name":"(anonymous_4)","decl":{"start":{"line":46,"column":29},"end":{"line":46,"column":30}},"loc":{"start":{"line":46,"column":46},"end":{"line":48,"column":3}},"line":46},"5":{"name":"(anonymous_5)","decl":{"start":{"line":54,"column":17},"end":{"line":54,"column":18}},"loc":{"start":{"line":54,"column":23},"end":{"line":124,"column":1}},"line":54},"6":{"name":"(anonymous_6)","decl":{"start":{"line":68,"column":12},"end":{"line":68,"column":13}},"loc":{"start":{"line":68,"column":18},"end":{"line":74,"column":3}},"line":68},"7":{"name":"getRestaurant","decl":{"start":{"line":77,"column":17},"end":{"line":77,"column":30}},"loc":{"start":{"line":77,"column":33},"end":{"line":86,"column":3}},"line":77},"8":{"name":"(anonymous_8)","decl":{"start":{"line":113,"column":26},"end":{"line":113,"column":27}},"loc":{"start":{"line":113,"column":42},"end":{"line":119,"column":11}},"line":113}},"branchMap":{"0":{"loc":{"start":{"line":64,"column":2},"end":{"line":64,"column":67}},"type":"if","locations":[{"start":{"line":64,"column":2},"end":{"line":64,"column":67}},{"start":{},"end":{}}],"line":64},"1":{"loc":{"start":{"line":69,"column":4},"end":{"line":70,"column":20}},"type":"if","locations":[{"start":{"line":69,"column":4},"end":{"line":70,"column":20}},{"start":{},"end":{}}],"line":69},"2":{"loc":{"start":{"line":95,"column":2},"end":{"line":95,"column":33}},"type":"if","locations":[{"start":{"line":95,"column":2},"end":{"line":95,"column":33}},{"start":{},"end":{}}],"line":95},"3":{"loc":{"start":{"line":98,"column":9},"end":{"line":123,"column":3}},"type":"cond-expr","locations":[{"start":{"line":99,"column":4},"end":{"line":99,"column":15}},{"start":{"line":101,"column":4},"end":{"line":122,"column":21}}],"line":98},"4":{"loc":{"start":{"line":109,"column":7},"end":{"line":121,"column":7}},"type":"cond-expr","locations":[{"start":{"line":110,"column":8},"end":{"line":110,"column":33}},{"start":{"line":112,"column":8},"end":{"line":120,"column":14}}],"line":109},"5":{"loc":{"start":{"line":116,"column":17},"end":{"line":116,"column":99}},"type":"cond-expr","locations":[{"start":{"line":116,"column":34},"end":{"line":116,"column":69}},{"start":{"line":116,"column":72},"end":{"line":116,"column":99}}],"line":116}},"s":{"0":1,"1":1,"2":0,"3":0,"4":0,"5":0,"6":1,"7":0,"8":0,"9":1,"10":2,"11":2,"12":2,"13":2,"14":2,"15":0,"16":2,"17":2,"18":2,"19":1,"20":1,"21":1,"22":1,"23":1,"24":1,"25":2,"26":1,"27":1,"28":0},"f":{"0":1,"1":0,"2":0,"3":0,"4":0,"5":2,"6":1,"7":1,"8":0},"b":{"0":[0,2],"1":[1,0],"2":[1,1],"3":[1,0],"4":[0,0],"5":[0,0]},"_coverageSchema":"1a1c01bbd47fc00a2c39e90264f33305004495a9","hash":"08718bf4ae963e8adaa73b204d528f8cac83d22a"}
,"D:\\REACT--2\\src\\Footer.js": {"path":"D:\\REACT--2\\src\\Footer.js","statementMap":{"0":{"start":{"line":5,"column":15},"end":{"line":32,"column":1}},"1":{"start":{"line":6,"column":21},"end":{"line":10,"column":3}},"2":{"start":{"line":12,"column":26},"end":{"line":12,"column":43}},"3":{"start":{"line":13,"column":31},"end":{"line":13,"column":54}},"4":{"start":{"line":15,"column":2},"end":{"line":31,"column":4}}},"fnMap":{"0":{"name":"(anonymous_0)","decl":{"start":{"line":5,"column":15},"end":{"line":5,"column":16}},"loc":{"start":{"line":5,"column":21},"end":{"line":32,"column":1}},"line":5}},"branchMap":{},"s":{"0":1,"1":1,"2":1,"3":1,"4":1},"f":{"0":1},"b":{},"_coverageSchema":"1a1c01bbd47fc00a2c39e90264f33305004495a9","hash":"d7dac8c68d2dce4db665c926692863779652989f"}
,"D:\\REACT--2\\src\\Header.js": {"path":"D:\\REACT--2\\src\\Header.js","statementMap":{"0":{"start":{"line":13,"column":16},"end":{"line":20,"column":1}},"1":{"start":{"line":15,"column":2},"end":{"line":19,"column":8}},"2":{"start":{"line":22,"column":18},"end":{"line":114,"column":1}},"3":{"start":{"line":24,"column":21},"end":{"line":35,"column":5}},"4":{"start":{"line":25,"column":21},"end":{"line":25,"column":56}},"5":{"start":{"line":26,"column":21},"end":{"line":26,"column":57}},"6":{"start":{"line":27,"column":4},"end":{"line":34,"column":5}},"7":{"start":{"line":28,"column":6},"end":{"line":28,"column":42}},"8":{"start":{"line":29,"column":6},"end":{"line":29,"column":42}},"9":{"start":{"line":32,"column":6},"end":{"line":32,"column":39}},"10":{"start":{"line":33,"column":6},"end":{"line":33,"column":39}},"11":{"start":{"line":38,"column":30},"end":{"line":38,"column":47}},"12":{"start":{"line":41,"column":31},"end":{"line":41,"column":54}},"13":{"start":{"line":43,"column":19},"end":{"line":43,"column":59}},"14":{"start":{"line":43,"column":42},"end":{"line":43,"column":58}},"15":{"start":{"line":44,"column":2},"end":{"line":44,"column":24}},"16":{"start":{"line":46,"column":2},"end":{"line":113,"column":4}},"17":{"start":{"line":94,"column":10},"end":{"line":95,"column":35}},"18":{"start":{"line":94,"column":34},"end":{"line":94,"column":55}},"19":{"start":{"line":95,"column":15},"end":{"line":95,"column":35}},"20":{"start":{"line":116,"column":15},"end":{"line":124,"column":1}},"21":{"start":{"line":118,"column":2},"end":{"line":123,"column":4}}},"fnMap":{"0":{"name":"(anonymous_0)","decl":{"start":{"line":13,"column":16},"end":{"line":13,"column":17}},"loc":{"start":{"line":15,"column":2},"end":{"line":19,"column":8}},"line":15},"1":{"name":"(anonymous_1)","decl":{"start":{"line":22,"column":18},"end":{"line":22,"column":19}},"loc":{"start":{"line":22,"column":24},"end":{"line":114,"column":1}},"line":22},"2":{"name":"(anonymous_2)","decl":{"start":{"line":24,"column":21},"end":{"line":24,"column":22}},"loc":{"start":{"line":24,"column":27},"end":{"line":35,"column":5}},"line":24},"3":{"name":"(anonymous_3)","decl":{"start":{"line":43,"column":31},"end":{"line":43,"column":32}},"loc":{"start":{"line":43,"column":42},"end":{"line":43,"column":58}},"line":43},"4":{"name":"(anonymous_4)","decl":{"start":{"line":93,"column":17},"end":{"line":93,"column":18}},"loc":{"start":{"line":93,"column":23},"end":{"line":96,"column":9}},"line":93},"5":{"name":"(anonymous_5)","decl":{"start":{"line":116,"column":15},"end":{"line":116,"column":16}},"loc":{"start":{"line":116,"column":21},"end":{"line":124,"column":1}},"line":116}},"branchMap":{"0":{"loc":{"start":{"line":27,"column":4},"end":{"line":34,"column":5}},"type":"if","locations":[{"start":{"line":27,"column":4},"end":{"line":34,"column":5}},{"start":{"line":31,"column":9},"end":{"line":34,"column":5}}],"line":27},"1":{"loc":{"start":{"line":94,"column":10},"end":{"line":95,"column":35}},"type":"if","locations":[{"start":{"line":94,"column":10},"end":{"line":95,"column":35}},{"start":{"line":95,"column":15},"end":{"line":95,"column":35}}],"line":94}},"s":{"0":1,"1":1,"2":1,"3":1,"4":0,"5":0,"6":0,"7":0,"8":0,"9":0,"10":0,"11":1,"12":1,"13":1,"14":2,"15":1,"16":1,"17":0,"18":0,"19":0,"20":1,"21":1},"f":{"0":1,"1":1,"2":0,"3":2,"4":0,"5":1},"b":{"0":[0,0],"1":[0,0]},"_coverageSchema":"1a1c01bbd47fc00a2c39e90264f33305004495a9","hash":"2a3d85b6805e98b60ec6208eeec3f5910e48b06e"}
,"D:\\REACT--2\\src\\Shimmer.js": {"path":"D:\\REACT--2\\src\\Shimmer.js","statementMap":{"0":{"start":{"line":1,"column":16},"end":{"line":12,"column":1}},"1":{"start":{"line":3,"column":2},"end":{"line":11,"column":4}},"2":{"start":{"line":8,"column":9},"end":{"line":8,"column":64}}},"fnMap":{"0":{"name":"(anonymous_0)","decl":{"start":{"line":1,"column":16},"end":{"line":1,"column":17}},"loc":{"start":{"line":1,"column":22},"end":{"line":12,"column":1}},"line":1},"1":{"name":"(anonymous_1)","decl":{"start":{"line":7,"column":13},"end":{"line":7,"column":14}},"loc":{"start":{"line":7,"column":27},"end":{"line":9,"column":9}},"line":7}},"branchMap":{},"s":{"0":1,"1":1,"2":10},"f":{"0":1,"1":10},"b":{},"_coverageSchema":"1a1c01bbd47fc00a2c39e90264f33305004495a9","hash":"708e4cc718a718dadb0509e68f3fa1157b910460"}
,"D:\\REACT--2\\src\\sum.js": {"path":"D:\\REACT--2\\src\\sum.js","statementMap":{"0":{"start":{"line":2,"column":12},"end":{"line":4,"column":1}},"1":{"start":{"line":3,"column":4},"end":{"line":3,"column":17}}},"fnMap":{"0":{"name":"(anonymous_0)","decl":{"start":{"line":2,"column":12},"end":{"line":2,"column":13}},"loc":{"start":{"line":2,"column":22},"end":{"line":4,"column":1}},"line":2}},"branchMap":{},"s":{"0":1,"1":1},"f":{"0":1},"b":{},"_coverageSchema":"1a1c01bbd47fc00a2c39e90264f33305004495a9","hash":"5924c1457ec79ae68ea779dfb9119d776d90049a"}
,"D:\\REACT--2\\utils\\PromotedCard.js": {"path":"D:\\REACT--2\\utils\\PromotedCard.js","statementMap":{"0":{"start":{"line":3,"column":21},"end":{"line":13,"column":1}},"1":{"start":{"line":5,"column":4},"end":{"line":12,"column":5}},"2":{"start":{"line":6,"column":8},"end":{"line":11,"column":9}}},"fnMap":{"0":{"name":"(anonymous_0)","decl":{"start":{"line":3,"column":21},"end":{"line":3,"column":22}},"loc":{"start":{"line":3,"column":35},"end":{"line":13,"column":1}},"line":3},"1":{"name":"(anonymous_1)","decl":{"start":{"line":5,"column":11},"end":{"line":5,"column":12}},"loc":{"start":{"line":5,"column":22},"end":{"line":12,"column":5}},"line":5}},"branchMap":{},"s":{"0":1,"1":2,"2":0},"f":{"0":2,"1":0},"b":{},"_coverageSchema":"1a1c01bbd47fc00a2c39e90264f33305004495a9","hash":"74a5530f91061b00a870265f52c9feccd5e3d644"}
,"D:\\REACT--2\\utils\\UserContext.js": {"path":"D:\\REACT--2\\utils\\UserContext.js","statementMap":{"0":{"start":{"line":3,"column":20},"end":{"line":6,"column":2}}},"fnMap":{},"branchMap":{},"s":{"0":1},"f":{},"b":{},"_coverageSchema":"1a1c01bbd47fc00a2c39e90264f33305004495a9","hash":"5cf99dac4258f0798c12390f37c21735b2621f9b"}
,"D:\\REACT--2\\utils\\useOnline.js": {"path":"D:\\REACT--2\\utils\\useOnline.js","statementMap":{"0":{"start":{"line":3,"column":18},"end":{"line":17,"column":1}},"1":{"start":{"line":4,"column":36},"end":{"line":4,"column":50}},"2":{"start":{"line":5,"column":4},"end":{"line":12,"column":11}},"3":{"start":{"line":6,"column":8},"end":{"line":6,"column":58}},"4":{"start":{"line":7,"column":8},"end":{"line":7,"column":48}},"5":{"start":{"line":8,"column":8},"end":{"line":11,"column":9}},"6":{"start":{"line":9,"column":12},"end":{"line":9,"column":65}},"7":{"start":{"line":10,"column":12},"end":{"line":10,"column":55}},"8":{"start":{"line":14,"column":8},"end":{"line":14,"column":27}},"9":{"start":{"line":16,"column":4},"end":{"line":16,"column":20}}},"fnMap":{"0":{"name":"(anonymous_0)","decl":{"start":{"line":3,"column":18},"end":{"line":3,"column":19}},"loc":{"start":{"line":3,"column":24},"end":{"line":17,"column":1}},"line":3},"1":{"name":"(anonymous_1)","decl":{"start":{"line":5,"column":14},"end":{"line":5,"column":15}},"loc":{"start":{"line":5,"column":20},"end":{"line":12,"column":5}},"line":5},"2":{"name":"(anonymous_2)","decl":{"start":{"line":8,"column":15},"end":{"line":8,"column":16}},"loc":{"start":{"line":8,"column":21},"end":{"line":11,"column":9}},"line":8},"3":{"name":"handleOffline","decl":{"start":{"line":13,"column":13},"end":{"line":13,"column":26}},"loc":{"start":{"line":13,"column":29},"end":{"line":15,"column":5}},"line":13}},"branchMap":{},"s":{"0":1,"1":3,"2":3,"3":2,"4":2,"5":2,"6":2,"7":2,"8":0,"9":3},"f":{"0":3,"1":2,"2":2,"3":0},"b":{},"_coverageSchema":"1a1c01bbd47fc00a2c39e90264f33305004495a9","hash":"8c6a6dae3032bb1d2e341bb8f91e2d1fb449322a"}
,"D:\\REACT--2\\utils\\uselocalStorage.js": {"path":"D:\\REACT--2\\utils\\uselocalStorage.js","statementMap":{"0":{"start":{"line":2,"column":24},"end":{"line":10,"column":1}},"1":{"start":{"line":4,"column":7},"end":{"line":4,"column":47}},"2":{"start":{"line":7,"column":6},"end":{"line":7,"column":45}},"3":{"start":{"line":9,"column":4},"end":{"line":9,"column":29}}},"fnMap":{"0":{"name":"(anonymous_0)","decl":{"start":{"line":2,"column":24},"end":{"line":2,"column":25}},"loc":{"start":{"line":2,"column":30},"end":{"line":10,"column":1}},"line":2},"1":{"name":"getData","decl":{"start":{"line":3,"column":13},"end":{"line":3,"column":20}},"loc":{"start":{"line":3,"column":26},"end":{"line":5,"column":5}},"line":3},"2":{"name":"setData","decl":{"start":{"line":6,"column":13},"end":{"line":6,"column":20}},"loc":{"start":{"line":6,"column":32},"end":{"line":8,"column":5}},"line":6}},"branchMap":{},"s":{"0":1,"1":0,"2":2,"3":2},"f":{"0":2,"1":0,"2":2},"b":{},"_coverageSchema":"1a1c01bbd47fc00a2c39e90264f33305004495a9","hash":"88505f152ab9409c646e4ea748644fbd72af1de6"}
}
